This is pdfTeX, Version 3.1415926-2.4-1.40.13 (TeX Live 2012/Debian) (format=pdflatex 2014.4.24)  9 MAY 2014 16:22
entering extended mode
 restricted \write18 enabled.
 file:line:error style messages enabled.
 %&-line parsing enabled.
**TeXiS.sty
(./TeXiS.sty
LaTeX2e <2011/06/27>
Babel <v3.8m> and hyphenation patterns for english, dumylang, nohyphenation, lo
aded.

LaTeX Warning: You have requested package `',
               but the package provides `TeXiS/TeXiS'.

Package: TeXiS/TeXiS 
(/usr/share/texlive/texmf-dist/tex/latex/tools/verbatim.sty
Package: verbatim 2003/08/22 v1.5q LaTeX2e package for verbatim enhancements
\every@verbatim=\toks14
\verbatim@line=\toks15
\verbatim@in@stream=\read1
)
\example=\write3


./TeXiS.sty:239: LaTeX Error: Missing \begin{document}.

See the LaTeX manual or LaTeX Companion for explanation.
Type  H <return>  for immediate help.
 ...                                              
                                                  
l.239 \newwrite\example@
                        out
? 
./TeXiS.sty:239: Emergency stop.
 ...                                              
                                                  
l.239 \newwrite\example@
                        out
You're in trouble here.  Try typing  <return>  to proceed.
If that doesn't work, type  X <return>  to quit.

 
Here is how much of TeX's memory you used:
 55 strings out of 495059
 938 string characters out of 3182030
 45057 words of memory out of 3000000
 3333 multiletter control sequences out of 15000+200000
 3640 words of font info for 14 fonts, out of 3000000 for 9000
 14 hyphenation exceptions out of 8191
 11i,0n,10p,95b,16s stack positions out of 5000i,500n,10000p,200000b,50000s
./TeXiS.sty:239:  ==> Fatal error occurred, no output PDF file produced!
