\BOOKMARK [0][-]{titulo.0}{P\341gina de T\355tulo}{}% 1
\BOOKMARK [0][-]{chapter*.1}{Resumen}{}% 2
\BOOKMARK [0][-]{indices.0}{\315ndices}{}% 3
\BOOKMARK [1][-]{tabla de contenidos.1}{Tabla de contenidos}{indices.0}% 4
\BOOKMARK [1][-]{indice de figuras.1}{\315ndice de figuras}{indices.0}% 5
\BOOKMARK [1][-]{indice de tablas.1}{\315ndice de tablas}{indices.0}% 6
\BOOKMARK [-1][-]{part.1}{I Introducci\363n}{}% 7
\BOOKMARK [0][-]{chapter*.5}{Introducci\363n}{part.1}% 8
\BOOKMARK [1][-]{section*.6}{Prote\363mica. Conceptos generales}{chapter*.5}% 9
\BOOKMARK [1][-]{section*.7}{Espectrometr\355a de masas}{chapter*.5}% 10
\BOOKMARK [1][-]{section*.8}{Prote\363mica en gel}{chapter*.5}% 11
\BOOKMARK [2][-]{section*.9}{Huella Pept\355dica}{section*.8}% 12
\BOOKMARK [1][-]{section*.10}{Prote\363mica shotgun}{chapter*.5}% 13
\BOOKMARK [2][-]{section*.11}{Separaci\363n de p\351ptidos y proteinas}{section*.10}% 14
\BOOKMARK [2][-]{section*.11}{Espectrometr\355a de masas en Tandem. MS/MS}{section*.10}% 15
\BOOKMARK [1][-]{section*.12}{Asignaci\363n P\351ptido-Espectro}{chapter*.5}% 16
\BOOKMARK [2][-]{section*.13}{B\372squeda basada en secuencia}{section*.12}% 17
\BOOKMARK [2][-]{section*.13}{B\372squeda basada en bibliotecas de espectros}{section*.12}% 18
\BOOKMARK [2][-]{section*.13}{Identificaci\363n por secuenciaci\363n de novo}{section*.12}% 19
\BOOKMARK [1][-]{section*.14}{Inferencia de prote\355nas a partir de p\351ptidos}{chapter*.5}% 20
\BOOKMARK [1][-]{section*.15}{Evaluaci\363n estad\355stica de los resultados}{chapter*.5}% 21
\BOOKMARK [1][-]{section*.16}{Proteomica dirigida. SRM/MRM}{chapter*.5}% 22
\BOOKMARK [1][-]{section*.17}{Candida albicans como organismo modelo}{chapter*.5}% 23
\BOOKMARK [1][-]{section*.18}{Repositorios publicos de prote\363mica shotgun y dirigida}{chapter*.5}% 24
\BOOKMARK [-1][-]{part.2}{II Desarrollo de una aplicacion web para datos de prote\363mica shotgun de Candida albicans}{}% 25
\BOOKMARK [0][-]{chapter.1}{Proteopathogen, a protein database for studying Candida albicans - host interaction}{part.2}% 26
\BOOKMARK [0][-]{chapter.2}{Proteopathogen 2, adaptaci\363n al formato est\341ndar de identificaciones .mzIdentML}{part.2}% 27
\BOOKMARK [1][-]{section.2.1}{}{chapter.2}% 28
\BOOKMARK [-1][-]{part.3}{III Creaci\363n de un PeptideAtlas de Candida albicans}{}% 29
\BOOKMARK [0][-]{chapter.3}{A Candida albicans PeptideAtlas}{part.3}% 30
\BOOKMARK [1][-]{section.3.1}{}{chapter.3}% 31
\BOOKMARK [-1][-]{part.4}{IV Desarrollo de una base de datos para datos de Prote\363mica Dirigida \(MRM\)}{}% 32
\BOOKMARK [-1][-]{chapter*.19}{Bibliograf\355a}{}% 33
\BOOKMARK [-1][-]{fin.-1}{Fin}{}% 34
